{"command":"test.test","command_param":{"id":"1","name":"xiao"},"exec_time":0.0005151,"level":"info","msg":"","time":"2022-01-05 13:31:05","trace_id":"23GVyZbQzbjif99M5rpWF1n6Shi","trace_info":{"error_stack":[],"redis":[],"sql":[]}}
{"command":"test.test","command_param":{"id":"1","name":"xiao"},"exec_time":0.0005002,"level":"info","msg":"","time":"2022-01-05 13:32:04","trace_id":"23GW60MiV3QuRiizppXKjITm3A9","trace_info":{"error_stack":[],"redis":[],"sql":[]}}
{"command":"test.test","command_param":{"id":"1","name":"xiao"},"exec_time":0.0010211,"level":"info","msg":"","time":"2022-01-05 13:32:21","trace_id":"23GW86bAGb1bkxHSQsusCAJEgRk","trace_info":{"error_stack":[],"redis":[],"sql":[]}}
{"command":"test.test","command_param":{"id":"1","name":"xiao"},"exec_time":0.0015592,"level":"info","msg":"","time":"2022-01-05 13:32:42","trace_id":"23GWAmdCg3J3YzrC8EGVnZvCx5p","trace_info":{"error_stack":[],"redis":[],"sql":[]}}
{"command":"test.test","command_param":{"id":"1","name":"xiao"},"exec_time":0.0010023,"level":"info","msg":"","time":"2022-01-05 13:33:00","trace_id":"23GWD5DtB2qZLu1oXBvsbNf8bsw","trace_info":{"error_stack":[],"redis":[],"sql":[]}}
{"command":"test.test","command_param":{"id":"1","name":"xiao"},"exec_time":0.0017106,"level":"info","msg":"","time":"2022-01-05 13:34:32","trace_id":"23GWOa854xaAj90khvNUAzXvgxi","trace_info":{"error_stack":[],"redis":[],"sql":[]}}
{"command":"test.test","command_param":{"id":"1","name":"xiao"},"exec_time":0.0015135,"level":"info","msg":"","time":"2022-01-05 13:36:03","trace_id":"23GWa3ErUv2spTMQT5unAJ6CsAI","trace_info":{"error_stack":[],"redis":[],"sql":[]}}
{"command":"test.test","command_param":{"id":"1","name":"xiao"},"exec_time":0.0005104,"level":"info","msg":"","time":"2022-01-05 13:36:23","trace_id":"23GWcbIdlo54XKpj5LfcLc24lr3","trace_info":{"error_stack":[],"redis":[],"sql":[]}}
{"command":"test.test","command_param":{"id":"1","name":"xiao"},"exec_time":0.0009991,"level":"info","msg":"","time":"2022-01-05 13:36:47","trace_id":"23GWfaJlQs2608zG68M7eI8tW9W","trace_info":{"error_stack":[],"redis":[],"sql":[]}}
{"command":"test.test","command_param":{"id":"1","name":"xiao"},"exec_time":0.0010921,"level":"info","msg":"","time":"2022-01-05 13:37:09","trace_id":"23GWiMZgImCZQHIL9xVxTxXakj7","trace_info":{"error_stack":[],"redis":[],"sql":[]}}
{"command":"test.test","command_param":{"id":"1","name":"xiao"},"exec_time":0.0010444,"level":"info","msg":"","time":"2022-01-05 13:38:37","trace_id":"23GWtOnMUHhPRC8UXYehscquFy6","trace_info":{"error_stack":[],"redis":[],"sql":[]}}
{"command":"test.test","command_param":{"id":"1","name":"xiao"},"exec_time":0.0010383,"level":"info","msg":"","time":"2022-01-05 13:38:52","trace_id":"23GWvECZKqFEVp0mmc25lCn1chd","trace_info":{"error_stack":[],"redis":[],"sql":[]}}
{"command":"test.test","command_param":{"id":"1","name":"xiao"},"exec_time":0.0009996,"level":"info","msg":"","time":"2022-01-05 13:39:53","trace_id":"23GX2yo4vtKXgcbAfVt7BrYQhET","trace_info":{"error_stack":[],"redis":[],"sql":[]}}
{"command":"test.test","command_param":{"id":"1","name":"xiao"},"exec_time":0.0021424,"level":"info","msg":"","time":"2022-01-05 13:40:17","trace_id":"23GX60sOC8Q5ERaWQ0IVoogMKzP","trace_info":{"error_stack":[],"redis":[],"sql":[]}}
{"command":"test.test","command_param":{"id":"1","name":"xiao"},"exec_time":0.0005167,"level":"info","msg":"","time":"2022-01-05 13:40:34","trace_id":"23GX867lEihhbE1op0P7vilvIfg","trace_info":{"error_stack":[],"redis":[],"sql":[]}}
{"command":"test.test","command_param":{"id":"1","name":"xiao"},"exec_time":0.0005002,"level":"info","msg":"","time":"2022-01-05 13:41:40","trace_id":"23GXGNZkQZM7T0GmLmhmq4MM4HJ","trace_info":{"error_stack":[],"redis":[],"sql":[]}}
{"command":"test.test","command_param":{"id":"1","name":"xiao"},"exec_time":0.001048,"level":"info","msg":"","time":"2022-01-05 13:41:58","trace_id":"23GXIgZURkc07bDcWbFS6g4cpMs","trace_info":{"error_stack":[],"redis":[],"sql":[]}}
{"command":"test.test","command_param":{"id":"1","name":"xiao"},"exec_time":0.0010003,"level":"info","msg":"","time":"2022-01-05 13:42:28","trace_id":"23GXMRNRP08pQqOlvOQ3sBHJmIY","trace_info":{"error_stack":[],"redis":[],"sql":[]}}
{"command":"test.test","command_param":{"id":"1","name":"xiao"},"exec_time":0.0004912,"level":"info","msg":"","time":"2022-01-05 13:44:24","trace_id":"23GXb2n1sNt52edRNLaEBZW7FiY","trace_info":{"error_stack":[],"redis":[],"sql":[]}}
{"command":"test.test","command_param":{"id":"1","name":"xiao"},"exec_time":0.0005005,"level":"info","msg":"","time":"2022-01-05 13:46:34","trace_id":"23GXrJ4koID2g4YMTi0wGbTYva1","trace_info":{"error_stack":[],"redis":[],"sql":[]}}
{"command":"test.test","command_param":{"id":"1","name":"xiao"},"exec_time":0.0010254,"level":"info","msg":"","time":"2022-01-05 13:46:57","trace_id":"23GXuF3IKtCGKt59JmFlsmRVvRP","trace_info":{"error_stack":[],"redis":[],"sql":[]}}
{"command":"test.test","command_param":{"id":"1","name":"xiao"},"exec_time":0.0015656,"level":"info","msg":"","time":"2022-01-05 13:47:16","trace_id":"23GXwb7aq7qHUHp7O1F7Zx4EPHt","trace_info":{"error_stack":[],"redis":[],"sql":[]}}
{"command":"test.test","command_param":{"id":"1","name":"xiao"},"exec_time":0.0010246,"level":"info","msg":"","time":"2022-01-05 13:47:40","trace_id":"23GXzelBa0ZmQSUi2JeFjglcDlm","trace_info":{"error_stack":[],"redis":[],"sql":[]}}
{"command":"test.test","command_param":{"id":"1","name":"xiao"},"exec_time":0.0010314,"level":"info","msg":"","time":"2022-01-05 13:48:01","trace_id":"23GY2DVEtNOBZSuLBkATUZWeSkG","trace_info":{"error_stack":[],"redis":[],"sql":[]}}
{"command":"test.test","command_param":{"id":"1","name":"xiao"},"exec_time":0.0010817,"level":"info","msg":"","time":"2022-01-05 13:48:29","trace_id":"23GY5pkYItLYU51pJj2qQU9qIba","trace_info":{"error_stack":[],"redis":[],"sql":[]}}
{"command":"test.test","command_param":{"id":"1","name":"xiao"},"exec_time":0.0010281,"level":"info","msg":"","time":"2022-01-05 13:48:52","trace_id":"23GY8ciSAOpXEUEZFrU2QMvmOsw","trace_info":{"error_stack":[],"redis":[],"sql":[]}}
{"command":"test.test","command_param":{"id":"1","name":"xiao"},"exec_time":0.0019986,"level":"info","msg":"","time":"2022-01-05 13:49:07","trace_id":"23GYAYSk6RmpYrqdIRZwBD80k7g","trace_info":{"error_stack":[],"redis":[],"sql":[]}}
{"command":"test.test","command_param":{"id":"1","name":"xiao"},"exec_time":0.001734,"level":"info","msg":"","time":"2022-01-05 13:49:31","trace_id":"23GYDWm86AKiM4MAze6IfqJp9WO","trace_info":{"error_stack":[],"redis":[],"sql":[]}}
{"command":"test.test","command_param":{"id":"1","name":"xiao"},"exec_time":0.0010005,"level":"info","msg":"","time":"2022-01-05 13:50:02","trace_id":"23GYHQxPBBXudJnGjrTnM9uiH6O","trace_info":{"error_stack":[],"redis":[],"sql":[]}}
{"command":"test.test","command_param":{"id":"1","name":"xiao"},"exec_time":0.0015005,"level":"info","msg":"","time":"2022-01-05 13:50:15","trace_id":"23GYJ8lNUd40swfJv9SD9gdewkN","trace_info":{"error_stack":[],"redis":[],"sql":[]}}
{"command":"test.test","command_param":{"id":"1","name":"xiao"},"exec_time":0.0005127,"level":"info","msg":"","time":"2022-01-05 13:51:41","trace_id":"23GYTwZ0xzH4JSGR1X8dJtTi2rk","trace_info":{"error_stack":[],"redis":[],"sql":[]}}
{"command":"test.test","command_param":{"id":"1","name":"xiao"},"exec_time":0.0010003,"level":"info","msg":"","time":"2022-01-05 13:51:59","trace_id":"23GYW6yApLIVfBaW9GRfCHFZai2","trace_info":{"error_stack":[],"redis":[],"sql":[]}}
{"command":"test.test","command_param":{"id":"1","name":"xiao"},"exec_time":0.0009998,"level":"info","msg":"","time":"2022-01-05 13:53:49","trace_id":"23GYjzWhivOK8hfsvDp0m7mWj5C","trace_info":{"error_stack":[],"redis":[],"sql":[]}}
{"command":"test.test","command_param":{"id":"144","name":"xiao"},"exec_time":0.001158,"level":"info","msg":"","time":"2022-01-05 13:53:59","trace_id":"23GYlCuGVCoSp3Vik9X4NGMT1GA","trace_info":{"error_stack":[],"redis":[],"sql":[]}}
{"command":"test.test","command_param":{"id":"144","name":"xiao"},"exec_time":0.0010005,"level":"info","msg":"","time":"2022-01-05 13:59:30","trace_id":"23GZQoQasyderld6Mgh2thSJ7LV","trace_info":{"error_stack":[],"redis":[],"sql":[]}}
{"command":"test.test","command_param":{"id":"144","name":"xiao"},"exec_time":0.0005001,"level":"info","msg":"","time":"2022-01-05 14:02:17","trace_id":"23GZlpugMYIhsS4jbZacerAFCug","trace_info":{"error_stack":[],"redis":[],"sql":[]}}
{"command":"test.test","command_param":{"id":"144","name":"xiao"},"exec_time":0.0015083,"level":"info","msg":"","time":"2022-01-05 14:02:36","trace_id":"23GZoEgQzjgRpH8mMrrr3mA32cR","trace_info":{"error_stack":[],"redis":[],"sql":[]}}
{"command":"test.test","command_param":{"id":"144","name":"xiao"},"exec_time":0.0014559,"level":"info","msg":"","time":"2022-01-05 14:02:53","trace_id":"23GZqLRRM4iz1FSUzUfAaUSm4Ff","trace_info":{"error_stack":[],"redis":[],"sql":[]}}
{"command":"test.test","command_param":{"id":"144","name":"xiao"},"exec_time":0.0010255,"level":"info","msg":"","time":"2022-01-05 14:03:48","trace_id":"23GZxHdeK7w2WmcqO3rTGLj4hpA","trace_info":{"error_stack":[],"redis":[],"sql":[]}}
{"command":"test.test","command_param":{"id":"144","name":"xiao"},"exec_time":0.0010303,"level":"info","msg":"","time":"2022-01-05 14:04:58","trace_id":"23Ga65ppLZBbdq3hRPhV4Gg9UNT","trace_info":{"error_stack":[],"redis":[],"sql":[]}}
{"command":"test.test","command_param":{"id":"144","name":"xiao"},"exec_time":0.0010323,"level":"info","msg":"","time":"2022-01-05 14:05:24","trace_id":"23Ga9HPJQtqpJr6fXLpCtTXwSFK","trace_info":{"error_stack":[],"redis":[],"sql":[]}}
{"command":"test.test","command_param":{"id":"144","name":"xiao"},"exec_time":0.0015003,"level":"info","msg":"","time":"2022-01-05 14:05:41","trace_id":"23GaBQlkSsRiZC5FtYfnpsbjb99","trace_info":{"error_stack":[],"redis":[],"sql":[]}}
{"command":"test.test","command_param":{"id":"144","name":"xiao"},"exec_time":0.001033,"level":"info","msg":"","time":"2022-01-05 14:07:03","trace_id":"23GaLlis7k5BDdSE5fupamInLcS","trace_info":{"error_stack":[],"redis":[],"sql":[]}}
{"command":"test.test","command_param":{"id":"144","name":"xiao"},"exec_time":0.0016043,"level":"info","msg":"","time":"2022-01-05 14:07:13","trace_id":"23GaMyqIkZ82cf4xqKuj16A92b2","trace_info":{"error_stack":[],"redis":[],"sql":[]}}
{"command":"test.test","command_param":{"id":"144","name":"xiao"},"exec_time":0.0016045,"level":"info","msg":"","time":"2022-01-05 14:08:06","trace_id":"23GaTiycznk3WJscmYKeQztDfOb","trace_info":{"error_stack":[],"redis":[],"sql":[]}}
{"command":"test.test","command_param":{"id":"144","name":"xiao"},"exec_time":0.0010255,"level":"info","msg":"","time":"2022-01-05 14:08:24","trace_id":"23GaVuraiJRZXGC5HQdufgq7545","trace_info":{"error_stack":[],"redis":[],"sql":[]}}
{"command":"test.test","command_param":{"id":"144","name":"xiao"},"exec_time":0.0015001,"level":"info","msg":"","time":"2022-01-05 14:18:49","trace_id":"23GbmUx0YLY1Szr3FRBs7N7TLNU","trace_info":{"error_stack":[],"redis":[],"sql":[]}}
{"command":"test.test","command_param":{"id":"144","name":"xiao"},"exec_time":0.0015007,"level":"info","msg":"","time":"2022-01-05 14:19:11","trace_id":"23GbpG9cjl18UAK0BdidRmlVoK6","trace_info":{"error_stack":[],"redis":[],"sql":[]}}
{"command":"test.test","command_param":{"id":"144","name":"xiao"},"exec_time":0.0015,"level":"info","msg":"","time":"2022-01-05 14:19:51","trace_id":"23GbuLiZl9Dp8zrX9tEE5DL38pN","trace_info":{"error_stack":[],"redis":[],"sql":[]}}
{"command":"test.test","command_param":{"id":"144","name":"xiao"},"exec_time":0.0015,"level":"info","msg":"","time":"2022-01-05 14:20:09","trace_id":"23GbwVn3XK0WvY9IVybbqd9nWhP","trace_info":{"error_stack":[],"redis":[],"sql":[]}}
{"command":"test.test","command_param":{"id":"144","name":"xiao"},"exec_time":0.001,"level":"info","msg":"","time":"2022-01-05 14:20:19","trace_id":"23Gbxq6aPxOmUinHOl4kSqYmYiH","trace_info":{"error_stack":[],"redis":[],"sql":[]}}
{"command":"test.test","command_param":{"id":"144","name":"xiao"},"exec_time":0.0015676,"level":"info","msg":"","time":"2022-01-05 14:40:52","trace_id":"23GeSlZ8u3UqEx70yUZCRWWJjpQ","trace_info":{"error_stack":[],"redis":[],"sql":[]}}
{"command":"test.test","command_param":{"id":"144","name":"xiao"},"exec_time":0.0010696,"level":"info","msg":"","time":"2022-01-05 14:47:13","trace_id":"23GfEg7AFSsp33dZNVFcqwmpbJ3","trace_info":{"error_stack":[],"redis":[],"sql":[]}}
{"command":"test.test","command_param":{"id":"1","name":"xiao"},"exec_time":0.0005115,"level":"info","msg":"","time":"2022-01-05 14:47:39","trace_id":"23GfHwZ8FgFxX2BJQfYMU8zUd6q","trace_info":{"error_stack":[],"redis":[],"sql":[]}}
