time="2021-12-26T15:29:08+08:00" level=info command=test.test command_param=ss exec_time=0.1320076 trace_id=22oV6Ch53HQ9At3ZEMZxxYg6x3s trace_info="map[error_info: redis:[] sql:[map[cost_seconds:0.1250071 rows_affected:1 sql:SELECT id,name,created_time FROM `test` WHERE id = 35 LIMIT 1 stack:G:/goproject/gin-self/model/mysql/test_model/handler.go:126 timestamp:2021/12/26 15:29:08]]]"
time="2021-12-26T18:17:23+08:00" level=info command=test.test command_param=xxyy exec_time=0.6350363 trace_id=22opYfCi9aSJdpkWQhn2Pkyxrfm trace_info="map[error_info: redis:[] sql:[map[cost_seconds:0.5510316 rows_affected:1 sql:SELECT id,name,created_time FROM `test` WHERE id = 35 LIMIT 1 stack:G:/goproject/gin-self/model/mysql/test_model/handler.go:126 timestamp:2021/12/26 18:17:23]]]"
time="2021-12-26T20:25:15+08:00" level=info command=test.test command_param=xxyy exec_time=0.279016 trace_id=22p56pnnSPo3vIya7PdJyXHKnCH trace_info="map[error_info: redis:[] sql:[map[cost_seconds:0.262015 rows_affected:1 sql:SELECT id,name,created_time FROM `test` WHERE id = 35 LIMIT 1 stack:G:/goproject/gin-self/model/mysql/test_model/handler.go:126 timestamp:2021/12/26 20:25:15]]]"
time="2021-12-26T20:27:06+08:00" level=info command=test.test command_param=xxyy exec_time=0.2820161 trace_id=22p5KrtBUeo2Lg5fUiWNBB5cWkM trace_info="map[error_info: redis:[] sql:[map[cost_seconds:0.2560146 rows_affected:1 sql:SELECT id,name,created_time FROM `test` WHERE id = 35 LIMIT 1 stack:G:/goproject/gin-self/model/mysql/test_model/handler.go:126 timestamp:2021/12/26 20:27:06]]]"
time="2021-12-26T20:27:38+08:00" level=info command=test.test command_param=xxyy exec_time=0.1450083 trace_id=22p5OnJJVkEVT1cBGcig1jeViot trace_info="map[error_info: redis:[] sql:[map[cost_seconds:0.1300075 rows_affected:1 sql:SELECT id,name,created_time FROM `test` WHERE id = 35 LIMIT 1 stack:G:/goproject/gin-self/model/mysql/test_model/handler.go:126 timestamp:2021/12/26 20:27:38]]]"
time="2021-12-26T20:55:07+08:00" level=info command=test.test command_param=xxyy exec_time=0.2340134 trace_id=22p8k7eEGmimsa4hqPXz0lHyyrk trace_info="map[error_info: redis:[] sql:[map[cost_seconds:0.2030116 rows_affected:1 sql:SELECT id,name,created_time FROM `test` WHERE id = 35 LIMIT 1 stack:G:/goproject/gin-self/model/mysql/test_model/handler.go:126 timestamp:2021/12/26 20:55:07]]]"
time="2021-12-26T20:57:00+08:00" level=info command=test.test command_param=zzz exec_time=0.1190068 trace_id=22p8yENj3cBi6jik0XRUKmpugSi trace_info="map[error_info: redis:[] sql:[map[cost_seconds:0.1100063 rows_affected:1 sql:SELECT id,name,created_time FROM `test` WHERE id = 35 LIMIT 1 stack:G:/goproject/gin-self/model/mysql/test_model/handler.go:126 timestamp:2021/12/26 20:57:00]]]"
time="2021-12-26T20:57:21+08:00" level=info command=test.test command_param="zzz=bbb" exec_time=0.1690097 trace_id=22p90su0XGOUi2QoyIseVTUe9px trace_info="map[error_info: redis:[] sql:[map[cost_seconds:0.1590091 rows_affected:1 sql:SELECT id,name,created_time FROM `test` WHERE id = 35 LIMIT 1 stack:G:/goproject/gin-self/model/mysql/test_model/handler.go:126 timestamp:2021/12/26 20:57:21]]]"
time="2021-12-26T20:58:11+08:00" level=info command=test.test command_param="zzz=bbb" exec_time=0.1220069 trace_id=22p97Efgb72V5oy7UF6t5p16jpX trace_info="map[error_info: redis:[] sql:[map[cost_seconds:0.1130065 rows_affected:1 sql:SELECT id,name,created_time FROM `test` WHERE id = 35 LIMIT 1 stack:G:/goproject/gin-self/model/mysql/test_model/handler.go:126 timestamp:2021/12/26 20:58:11]]]"
time="2021-12-26T20:58:47+08:00" level=info command=test.test command_param="zzz=bbb" exec_time=0.122007 trace_id=22p9BirBuu7Wx4Y4U34WB038gpa trace_info="map[error_info: redis:[] sql:[map[cost_seconds:0.1090063 rows_affected:1 sql:SELECT id,name,created_time FROM `test` WHERE id = 35 LIMIT 1 stack:G:/goproject/gin-self/model/mysql/test_model/handler.go:126 timestamp:2021/12/26 20:58:47]]]"
time="2021-12-26T20:59:02+08:00" level=info command=test.test command_param=ttt exec_time=0.2170124 trace_id=22p9DXkNQWekGTFbykeclnwa01E trace_info="map[error_info: redis:[] sql:[map[cost_seconds:0.1810103 rows_affected:1 sql:SELECT id,name,created_time FROM `test` WHERE id = 35 LIMIT 1 stack:G:/goproject/gin-self/model/mysql/test_model/handler.go:126 timestamp:2021/12/26 20:59:02]]]"
time="2021-12-26T21:01:18+08:00" level=info command=test.test command_param="name=xiao" exec_time=0.1990114 trace_id=22p9Ug6F5i1Vfl73auChWrgTjqR trace_info="map[error_info: redis:[] sql:[map[cost_seconds:0.1800103 rows_affected:1 sql:SELECT id,name,created_time FROM `test` WHERE id = 35 LIMIT 1 stack:G:/goproject/gin-self/model/mysql/test_model/handler.go:126 timestamp:2021/12/26 21:01:18]]]"
time="2021-12-26T21:03:44+08:00" level=info command=test.test command_param="name=xiao" exec_time=0.2040116 trace_id=22p9n3C5rZgmKRfYMry7Bkm0tzf trace_info="map[error_info: redis:[] sql:[map[cost_seconds:0.1820104 rows_affected:1 sql:SELECT id,name,created_time FROM `test` WHERE id = 35 LIMIT 1 stack:G:/goproject/gin-self/model/mysql/test_model/handler.go:126 timestamp:2021/12/26 21:03:44]]]"
time="2021-12-26T21:06:47+08:00" level=info command=test.test command_param="name=xiao" exec_time=0.8490486 trace_id=22pA9qrlj0H2KVuZb0CYG6Nic4r trace_info="map[error_info: redis:[] sql:[map[cost_seconds:0.8170467 rows_affected:1 sql:SELECT id,name,created_time FROM `test` WHERE id = 35 LIMIT 1 stack:G:/goproject/gin-self/model/mysql/test_model/handler.go:126 timestamp:2021/12/26 21:06:46]]]"
time="2021-12-26T21:07:36+08:00" level=info command=test.test command_param="map[age:1 name:xiao]" exec_time=0.2130122 trace_id=22pAGBfWKdRKYathZBcEiScRMtl trace_info="map[error_info: redis:[] sql:[map[cost_seconds:0.1840105 rows_affected:1 sql:SELECT id,name,created_time FROM `test` WHERE id = 35 LIMIT 1 stack:G:/goproject/gin-self/model/mysql/test_model/handler.go:126 timestamp:2021/12/26 21:07:36]]]"
time="2021-12-26T21:19:15+08:00" level=info command=test.test command_param="map[age:1 name:xiao]" exec_time=0.3610207 trace_id=22pBfssRLn1aGsXz8ggl0uHuwJc trace_info="map[error_info: redis:[] sql:[map[cost_seconds:0.3490199 rows_affected:1 sql:SELECT id,name,created_time FROM `test` WHERE id = 35 LIMIT 1 stack:G:/goproject/gin-self/model/mysql/test_model/handler.go:126 timestamp:2021/12/26 21:19:14]]]"
time="2021-12-26T21:19:24+08:00" level=info command=test.test command_param="map[age:1 name:xiao]" exec_time=0.1380079 trace_id=22pBh8cMggoBCBUTmTPUqY7Fw0z trace_info="map[error_info: redis:[] sql:[map[cost_seconds:0.1330077 rows_affected:1 sql:SELECT id,name,created_time FROM `test` WHERE id = 35 LIMIT 1 stack:G:/goproject/gin-self/model/mysql/test_model/handler.go:126 timestamp:2021/12/26 21:19:24]]]"
time="2021-12-26T21:20:40+08:00" level=info command=test.test command_param="map[name:xiao]" exec_time=0.1130064 trace_id=22pBqgUIsLzLVd4wuCSKjjqWyCR trace_info="map[error_info: redis:[] sql:[map[cost_seconds:0.0970056 rows_affected:1 sql:SELECT id,name,created_time FROM `test` WHERE id = 35 LIMIT 1 stack:G:/goproject/gin-self/model/mysql/test_model/handler.go:126 timestamp:2021/12/26 21:20:40]]]"
time="2021-12-26T21:21:02+08:00" level=info command=test.test command_param="map[name:xiao]" exec_time=0.261015 trace_id=22pBtQhwjwlAIuaHf7uSgvlmZCt trace_info="map[error_info: redis:[] sql:[map[cost_seconds:0.2240128 rows_affected:1 sql:SELECT id,name,created_time FROM `test` WHERE id = 35 LIMIT 1 stack:G:/goproject/gin-self/model/mysql/test_model/handler.go:126 timestamp:2021/12/26 21:21:02]]]"
time="2022-01-05T13:31:05+08:00" level=info command=test.test command_param="map[id:1 name:xiao]" exec_time=0.0005151 trace_id=23GVyZbQzbjif99M5rpWF1n6Shi trace_info="map[error_stack:[] redis:[] sql:[]]"
time="2022-01-05T13:32:04+08:00" level=info command=test.test command_param="map[id:1 name:xiao]" exec_time=0.0005002 trace_id=23GW60MiV3QuRiizppXKjITm3A9 trace_info="map[error_stack:[] redis:[] sql:[]]"
time="2022-01-05T13:32:21+08:00" level=info command=test.test command_param="map[id:1 name:xiao]" exec_time=0.0010211 trace_id=23GW86bAGb1bkxHSQsusCAJEgRk trace_info="map[error_stack:[] redis:[] sql:[]]"
time="2022-01-05T13:32:42+08:00" level=info command=test.test command_param="map[id:1 name:xiao]" exec_time=0.0015592 trace_id=23GWAmdCg3J3YzrC8EGVnZvCx5p trace_info="map[error_stack:[] redis:[] sql:[]]"
time="2022-01-05T13:33:00+08:00" level=info command=test.test command_param="map[id:1 name:xiao]" exec_time=0.0010023 trace_id=23GWD5DtB2qZLu1oXBvsbNf8bsw trace_info="map[error_stack:[] redis:[] sql:[]]"
time="2022-01-05T13:34:32+08:00" level=info command=test.test command_param="map[id:1 name:xiao]" exec_time=0.0017106 trace_id=23GWOa854xaAj90khvNUAzXvgxi trace_info="map[error_stack:[] redis:[] sql:[]]"
time="2022-01-05T13:36:03+08:00" level=info command=test.test command_param="map[id:1 name:xiao]" exec_time=0.0015135 trace_id=23GWa3ErUv2spTMQT5unAJ6CsAI trace_info="map[error_stack:[] redis:[] sql:[]]"
time="2022-01-05T13:36:23+08:00" level=info command=test.test command_param="map[id:1 name:xiao]" exec_time=0.0005104 trace_id=23GWcbIdlo54XKpj5LfcLc24lr3 trace_info="map[error_stack:[] redis:[] sql:[]]"
time="2022-01-05T13:36:47+08:00" level=info command=test.test command_param="map[id:1 name:xiao]" exec_time=0.0009991 trace_id=23GWfaJlQs2608zG68M7eI8tW9W trace_info="map[error_stack:[] redis:[] sql:[]]"
time="2022-01-05T13:37:09+08:00" level=info command=test.test command_param="map[id:1 name:xiao]" exec_time=0.0010921 trace_id=23GWiMZgImCZQHIL9xVxTxXakj7 trace_info="map[error_stack:[] redis:[] sql:[]]"
time="2022-01-05T13:38:37+08:00" level=info command=test.test command_param="map[id:1 name:xiao]" exec_time=0.0010444 trace_id=23GWtOnMUHhPRC8UXYehscquFy6 trace_info="map[error_stack:[] redis:[] sql:[]]"
time="2022-01-05T13:38:52+08:00" level=info command=test.test command_param="map[id:1 name:xiao]" exec_time=0.0010383 trace_id=23GWvECZKqFEVp0mmc25lCn1chd trace_info="map[error_stack:[] redis:[] sql:[]]"
time="2022-01-05T13:39:53+08:00" level=info command=test.test command_param="map[id:1 name:xiao]" exec_time=0.0009996 trace_id=23GX2yo4vtKXgcbAfVt7BrYQhET trace_info="map[error_stack:[] redis:[] sql:[]]"
time="2022-01-05T13:40:17+08:00" level=info command=test.test command_param="map[id:1 name:xiao]" exec_time=0.0021424 trace_id=23GX60sOC8Q5ERaWQ0IVoogMKzP trace_info="map[error_stack:[] redis:[] sql:[]]"
time="2022-01-05T13:40:34+08:00" level=info command=test.test command_param="map[id:1 name:xiao]" exec_time=0.0005167 trace_id=23GX867lEihhbE1op0P7vilvIfg trace_info="map[error_stack:[] redis:[] sql:[]]"
time="2022-01-05T13:41:40+08:00" level=info command=test.test command_param="map[id:1 name:xiao]" exec_time=0.0005002 trace_id=23GXGNZkQZM7T0GmLmhmq4MM4HJ trace_info="map[error_stack:[] redis:[] sql:[]]"
time="2022-01-05T13:41:58+08:00" level=info command=test.test command_param="map[id:1 name:xiao]" exec_time=0.001048 trace_id=23GXIgZURkc07bDcWbFS6g4cpMs trace_info="map[error_stack:[] redis:[] sql:[]]"
time="2022-01-05T13:42:28+08:00" level=info command=test.test command_param="map[id:1 name:xiao]" exec_time=0.0010003 trace_id=23GXMRNRP08pQqOlvOQ3sBHJmIY trace_info="map[error_stack:[] redis:[] sql:[]]"
time="2022-01-05T13:44:24+08:00" level=info command=test.test command_param="map[id:1 name:xiao]" exec_time=0.0004912 trace_id=23GXb2n1sNt52edRNLaEBZW7FiY trace_info="map[error_stack:[] redis:[] sql:[]]"
time="2022-01-05T13:46:34+08:00" level=info command=test.test command_param="map[id:1 name:xiao]" exec_time=0.0005005 trace_id=23GXrJ4koID2g4YMTi0wGbTYva1 trace_info="map[error_stack:[] redis:[] sql:[]]"
time="2022-01-05T13:46:57+08:00" level=info command=test.test command_param="map[id:1 name:xiao]" exec_time=0.0010254 trace_id=23GXuF3IKtCGKt59JmFlsmRVvRP trace_info="map[error_stack:[] redis:[] sql:[]]"
time="2022-01-05T13:47:16+08:00" level=info command=test.test command_param="map[id:1 name:xiao]" exec_time=0.0015656 trace_id=23GXwb7aq7qHUHp7O1F7Zx4EPHt trace_info="map[error_stack:[] redis:[] sql:[]]"
time="2022-01-05T13:47:40+08:00" level=info command=test.test command_param="map[id:1 name:xiao]" exec_time=0.0010246 trace_id=23GXzelBa0ZmQSUi2JeFjglcDlm trace_info="map[error_stack:[] redis:[] sql:[]]"
time="2022-01-05T13:48:01+08:00" level=info command=test.test command_param="map[id:1 name:xiao]" exec_time=0.0010314 trace_id=23GY2DVEtNOBZSuLBkATUZWeSkG trace_info="map[error_stack:[] redis:[] sql:[]]"
time="2022-01-05T13:48:29+08:00" level=info command=test.test command_param="map[id:1 name:xiao]" exec_time=0.0010817 trace_id=23GY5pkYItLYU51pJj2qQU9qIba trace_info="map[error_stack:[] redis:[] sql:[]]"
time="2022-01-05T13:48:52+08:00" level=info command=test.test command_param="map[id:1 name:xiao]" exec_time=0.0010281 trace_id=23GY8ciSAOpXEUEZFrU2QMvmOsw trace_info="map[error_stack:[] redis:[] sql:[]]"
time="2022-01-05T13:49:07+08:00" level=info command=test.test command_param="map[id:1 name:xiao]" exec_time=0.0019986 trace_id=23GYAYSk6RmpYrqdIRZwBD80k7g trace_info="map[error_stack:[] redis:[] sql:[]]"
time="2022-01-05T13:49:31+08:00" level=info command=test.test command_param="map[id:1 name:xiao]" exec_time=0.001734 trace_id=23GYDWm86AKiM4MAze6IfqJp9WO trace_info="map[error_stack:[] redis:[] sql:[]]"
time="2022-01-05T13:50:02+08:00" level=info command=test.test command_param="map[id:1 name:xiao]" exec_time=0.0010005 trace_id=23GYHQxPBBXudJnGjrTnM9uiH6O trace_info="map[error_stack:[] redis:[] sql:[]]"
time="2022-01-05T13:50:15+08:00" level=info command=test.test command_param="map[id:1 name:xiao]" exec_time=0.0015005 trace_id=23GYJ8lNUd40swfJv9SD9gdewkN trace_info="map[error_stack:[] redis:[] sql:[]]"
time="2022-01-05T13:51:41+08:00" level=info command=test.test command_param="map[id:1 name:xiao]" exec_time=0.0005127 trace_id=23GYTwZ0xzH4JSGR1X8dJtTi2rk trace_info="map[error_stack:[] redis:[] sql:[]]"
time="2022-01-05T13:51:59+08:00" level=info command=test.test command_param="map[id:1 name:xiao]" exec_time=0.0010003 trace_id=23GYW6yApLIVfBaW9GRfCHFZai2 trace_info="map[error_stack:[] redis:[] sql:[]]"
time="2022-01-05T13:53:49+08:00" level=info command=test.test command_param="map[id:1 name:xiao]" exec_time=0.0009998 trace_id=23GYjzWhivOK8hfsvDp0m7mWj5C trace_info="map[error_stack:[] redis:[] sql:[]]"
time="2022-01-05T13:53:59+08:00" level=info command=test.test command_param="map[id:144 name:xiao]" exec_time=0.001158 trace_id=23GYlCuGVCoSp3Vik9X4NGMT1GA trace_info="map[error_stack:[] redis:[] sql:[]]"
time="2022-01-05T13:59:30+08:00" level=info command=test.test command_param="map[id:144 name:xiao]" exec_time=0.0010005 trace_id=23GZQoQasyderld6Mgh2thSJ7LV trace_info="map[error_stack:[] redis:[] sql:[]]"
time="2022-01-05T14:02:17+08:00" level=info command=test.test command_param="map[id:144 name:xiao]" exec_time=0.0005001 trace_id=23GZlpugMYIhsS4jbZacerAFCug trace_info="map[error_stack:[] redis:[] sql:[]]"
time="2022-01-05T14:02:36+08:00" level=info command=test.test command_param="map[id:144 name:xiao]" exec_time=0.0015083 trace_id=23GZoEgQzjgRpH8mMrrr3mA32cR trace_info="map[error_stack:[] redis:[] sql:[]]"
time="2022-01-05T14:02:53+08:00" level=info command=test.test command_param="map[id:144 name:xiao]" exec_time=0.0014559 trace_id=23GZqLRRM4iz1FSUzUfAaUSm4Ff trace_info="map[error_stack:[] redis:[] sql:[]]"
time="2022-01-05T14:03:48+08:00" level=info command=test.test command_param="map[id:144 name:xiao]" exec_time=0.0010255 trace_id=23GZxHdeK7w2WmcqO3rTGLj4hpA trace_info="map[error_stack:[] redis:[] sql:[]]"
time="2022-01-05T14:04:58+08:00" level=info command=test.test command_param="map[id:144 name:xiao]" exec_time=0.0010303 trace_id=23Ga65ppLZBbdq3hRPhV4Gg9UNT trace_info="map[error_stack:[] redis:[] sql:[]]"
time="2022-01-05T14:05:24+08:00" level=info command=test.test command_param="map[id:144 name:xiao]" exec_time=0.0010323 trace_id=23Ga9HPJQtqpJr6fXLpCtTXwSFK trace_info="map[error_stack:[] redis:[] sql:[]]"
time="2022-01-05T14:05:41+08:00" level=info command=test.test command_param="map[id:144 name:xiao]" exec_time=0.0015003 trace_id=23GaBQlkSsRiZC5FtYfnpsbjb99 trace_info="map[error_stack:[] redis:[] sql:[]]"
time="2022-01-05T14:07:03+08:00" level=info command=test.test command_param="map[id:144 name:xiao]" exec_time=0.001033 trace_id=23GaLlis7k5BDdSE5fupamInLcS trace_info="map[error_stack:[] redis:[] sql:[]]"
time="2022-01-05T14:07:13+08:00" level=info command=test.test command_param="map[id:144 name:xiao]" exec_time=0.0016043 trace_id=23GaMyqIkZ82cf4xqKuj16A92b2 trace_info="map[error_stack:[] redis:[] sql:[]]"
time="2022-01-05T14:08:06+08:00" level=info command=test.test command_param="map[id:144 name:xiao]" exec_time=0.0016045 trace_id=23GaTiycznk3WJscmYKeQztDfOb trace_info="map[error_stack:[] redis:[] sql:[]]"
time="2022-01-05T14:08:24+08:00" level=info command=test.test command_param="map[id:144 name:xiao]" exec_time=0.0010255 trace_id=23GaVuraiJRZXGC5HQdufgq7545 trace_info="map[error_stack:[] redis:[] sql:[]]"
time="2022-01-05T14:18:49+08:00" level=info command=test.test command_param="map[id:144 name:xiao]" exec_time=0.0015001 trace_id=23GbmUx0YLY1Szr3FRBs7N7TLNU trace_info="map[error_stack:[] redis:[] sql:[]]"
time="2022-01-05T14:19:11+08:00" level=info command=test.test command_param="map[id:144 name:xiao]" exec_time=0.0015007 trace_id=23GbpG9cjl18UAK0BdidRmlVoK6 trace_info="map[error_stack:[] redis:[] sql:[]]"
time="2022-01-05T14:19:51+08:00" level=info command=test.test command_param="map[id:144 name:xiao]" exec_time=0.0015 trace_id=23GbuLiZl9Dp8zrX9tEE5DL38pN trace_info="map[error_stack:[] redis:[] sql:[]]"
time="2022-01-05T14:20:09+08:00" level=info command=test.test command_param="map[id:144 name:xiao]" exec_time=0.0015 trace_id=23GbwVn3XK0WvY9IVybbqd9nWhP trace_info="map[error_stack:[] redis:[] sql:[]]"
time="2022-01-05T14:20:19+08:00" level=info command=test.test command_param="map[id:144 name:xiao]" exec_time=0.001 trace_id=23Gbxq6aPxOmUinHOl4kSqYmYiH trace_info="map[error_stack:[] redis:[] sql:[]]"
time="2022-01-05T14:40:52+08:00" level=info command=test.test command_param="map[id:144 name:xiao]" exec_time=0.0015676 trace_id=23GeSlZ8u3UqEx70yUZCRWWJjpQ trace_info="map[error_stack:[] redis:[] sql:[]]"
time="2022-01-05T14:47:13+08:00" level=info command=test.test command_param="map[id:144 name:xiao]" exec_time=0.0010696 trace_id=23GfEg7AFSsp33dZNVFcqwmpbJ3 trace_info="map[error_stack:[] redis:[] sql:[]]"
time="2022-01-05T14:47:39+08:00" level=info command=test.test command_param="map[id:1 name:xiao]" exec_time=0.0005115 trace_id=23GfHwZ8FgFxX2BJQfYMU8zUd6q trace_info="map[error_stack:[] redis:[] sql:[]]"
time="2022-01-13T19:49:08+08:00" level=info command=test.test command_param="map[xiao:1]" exec_time=0.0048072 trace_id=23dqwJ0Oj8OPMpo4HrKssg1Xib6 trace_info="map[error_stack:[] redis:[] sql:[]]"
time="2022-01-13T19:49:25+08:00" level=info command=test.test command_param="map[id:1 name:xiao]" exec_time=0.0071771 trace_id=23dqyWM2w7u8qTLm3v39r6pqoTk trace_info="map[error_stack:[] redis:[] sql:[]]"
time="2022-01-13T19:57:09+08:00" level=info command=test.test command_param="map[id:1 name:xiao]" exec_time=0.0029346 trace_id=23drulQ3V9Ix2DSbmljQgdJt5XG trace_info="map[error_stack:[] redis:[] sql:[]]"
time="2022-01-13T19:57:37+08:00" level=info command=test.test command_param="map[id:1 name:xiao]" exec_time=0.004348 trace_id=23dryIYXtyfxIFMHg1JpsT5d8Kw trace_info="map[error_stack:[] redis:[] sql:[]]"
time="2022-01-13T19:58:01+08:00" level=info command=test.test command_param="map[id:1 name:xiao]" exec_time=0.007552 trace_id=23ds1Ga9yuamNRvCi82wg7Wxl7f trace_info="map[error_stack:[] redis:[] sql:[]]"
time="2022-01-13T20:00:26+08:00" level=info command=test.test command_param="map[id:1 name:xiao]" exec_time=0.0126309 trace_id= trace_info="map[error_stack:[] redis:[] sql:[map[errorMsg: exeSeconds:0.0091428 rowsAffected:1 sql:SELECT `id`,`name`,`goods_id` FROM `test` WHERE id = 114 LIMIT 1 stack:D:/go_project/gin-self/model/mysql/test_model/handler.go:122 timestamp:2022/01/13 20:00:26]]]"
time="2022-01-15T19:40:25+08:00" level=info command=test.test command_param="map[id:1 name:xiao]" exec_time=0.2870165 trace_id=23jU7v5xJmQYe1xnHZiS9Wf2ZWO trace_info="map[error_stack:[] redis:[] sql:[]]"
time="2022-01-15T19:52:14+08:00" level=info command=test.test command_param="map[id:1 name:xiao]" exec_time=0.385022 trace_id=23jVZ0slzYEacb5eac3TY23iuZG trace_info="map[error_stack:[] redis:[] sql:[]]"
time="2022-01-15T19:54:01+08:00" level=info command=test.test command_param="map[id:1 name:xiao]" exec_time=0.1160066 trace_id=23jVmVI8zcJK8wqELOajdqh5dCw trace_info="map[error_stack:[] redis:[] sql:[]]"
time="2022-01-15T19:54:55+08:00" level=info command=test.test command_param="map[id:1 name:xiao]" exec_time=0.2150123 trace_id=23jVtHEleQPnmSR1aTAUISRHZzn trace_info="map[error_stack:[] redis:[] sql:[]]"
time="2022-01-15T19:57:32+08:00" level=info command=test.test command_param="map[id:1 name:xiao]" exec_time=0.1260072 trace_id=23jWCypk5un61MrRHvyIk6Xy0sg trace_info="map[error_stack:[] redis:[] sql:[]]"
time="2022-01-15T20:09:20+08:00" level=info command=test.test command_param="[id=1 name=xiao]" exec_time=0.1290074 trace_id=23jXdzLiUkocNOLEq8slsFsfjaT trace_info="map[error_stack:[] redis:[] sql:[map[errorMsg: exeSeconds:0.1280073 rowsAffected:0 sql:SELECT `id`,`name`,`goods_id` FROM `test` WHERE id = 114 LIMIT 1 stack:G:/goproject/gin-self/model/mysql/test_model/handler.go:122 timestamp:2022/01/15 20:09:20]]]"
time="2022-01-15T20:23:26+08:00" level=info command=test.test command_param="[id=1 name=xiao]" exec_time=0.3110177 trace_id=23jZMJELBkA3K93mrX8PBRuJPo2 trace_info="map[error_stack:[] redis:[] sql:[map[errorMsg: exeSeconds:0.2960169 rowsAffected:0 sql:SELECT `id`,`name`,`goods_id` FROM `test` WHERE id = 114 LIMIT 1 stack:G:/goproject/gin-self/model/mysql/test_model/handler.go:122 timestamp:2022/01/15 20:23:26]]]"
time="2022-01-16T22:25:06+08:00" level=info command=test.test command_param="[id=1 name=xiao]" exec_time=0.1910109 trace_id=23mdHG2T647G2nz7aBy4L0i8qKX trace_info="map[error_stack:[] redis:[] sql:[map[errorMsg: exeSeconds:0.1880108 rowsAffected:0 sql:SELECT `id`,`name`,`goods_id` FROM `test` WHERE id = 114 LIMIT 1 stack:G:/goproject/gin-self/model/mysql/test_model/handler.go:122 timestamp:2022/01/16 22:25:06]]]"
time="2022-01-23T11:16:50+08:00" level=info command=test.test command_param="[id=1 name=xiao]" exec_time=0.1010058 trace_id=2455sAgWo6R3ebq2LpsCuEyhTRV trace_info="map[error_stack:[] redis:[] sql:[map[errorMsg: exeSeconds:0.0900051 rowsAffected:0 sql:SELECT `id`,`name`,`goods_id` FROM `test1` WHERE id = 114 LIMIT 1 stack:G:/goproject/gin-self/model/mysql/test1_model/handler.go:144 timestamp:2022/01/23 11:16:50]]]"
